Flutter crash report; please file at https://github.com/flutter/flutter/issues.

## command

flutter pub run build_runner serve web --delete-conflicting-outputs

## exception

FileSystemException: FileSystemException: writeFrom failed, path = '' (OS Error: Broken pipe, errno = 32)

```
#0      _RandomAccessFile.writeFromSync (dart:io/file_impl.dart:879:7)
#1      _StdConsumer.addStream.<anonymous closure> (dart:io/stdio.dart:308:15)
#2      _rootRunUnary (dart:async/zone.dart:1132:38)
#3      _CustomZone.runUnary (dart:async/zone.dart:1029:19)
#4      _CustomZone.runUnaryGuarded (dart:async/zone.dart:931:7)
#5      _BufferingStreamSubscription._sendData (dart:async/stream_impl.dart:336:11)
#6      _BufferingStreamSubscription._add (dart:async/stream_impl.dart:263:7)
#7      _SyncStreamControllerDispatch._sendData (dart:async/stream_controller.dart:764:19)
#8      _StreamController._add (dart:async/stream_controller.dart:640:7)
#9      _StreamController.add (dart:async/stream_controller.dart:586:5)
#10     _Socket._onData (dart:io-patch/socket_patch.dart:1829:41)
#11     _rootRunUnary (dart:async/zone.dart:1136:13)
#12     _CustomZone.runUnary (dart:async/zone.dart:1029:19)
#13     _CustomZone.runUnaryGuarded (dart:async/zone.dart:931:7)
#14     _BufferingStreamSubscription._sendData (dart:async/stream_impl.dart:336:11)
#15     _BufferingStreamSubscription._add (dart:async/stream_impl.dart:263:7)
#16     _SyncStreamControllerDispatch._sendData (dart:async/stream_controller.dart:764:19)
#17     _StreamController._add (dart:async/stream_controller.dart:640:7)
#18     _StreamController.add (dart:async/stream_controller.dart:586:5)
#19     new _RawSocket.<anonymous closure> (dart:io-patch/socket_patch.dart:1377:33)
#20     _NativeSocket.issueReadEvent.issue (dart:io-patch/socket_patch.dart:897:14)
#21     _microtaskLoop (dart:async/schedule_microtask.dart:41:21)
#22     _startMicrotaskLoop (dart:async/schedule_microtask.dart:50:5)
#23     _runPendingImmediateCallback (dart:isolate-patch/isolate_patch.dart:116:13)
#24     _RawReceivePortImpl._handleMessage (dart:isolate-patch/isolate_patch.dart:173:5)
```

## flutter doctor

```
[✓] Flutter (Channel unknown, v1.10.15-pre.239, on Linux, locale en_US.UTF-8)
    • Flutter version 1.10.15-pre.239 at /usr/local/google/home/albertusangga/dev/flutter
    • Framework revision 7447b74f42 (26 hours ago), 2019-11-06 13:42:57 -0800
    • Engine revision 7b968ff95f
    • Dart version 2.7.0

[✓] Android toolchain - develop for Android devices (Android SDK version 29.0.2)
    • Android SDK at /usr/local/google/home/albertusangga/Android/Sdk
    • Android NDK location not configured (optional; useful for native profiling support)
    • Platform android-stable, build-tools 29.0.2
    • Java binary at: /opt/android-studio/jre/bin/java
    • Java version OpenJDK Runtime Environment (build 1.8.0_202-release-1483-b49-5587405)
    • All Android licenses accepted.

[✓] Chrome - develop for the web
    • Chrome at google-chrome

[✓] Linux toolchain - develop for Linux desktop
    • clang++ 8.0.1
    • GNU Make 4.2.1

[✓] Android Studio (version 3.5)
    • Android Studio at /opt/android-studio
    • Flutter plugin version 40.0.2
    • Dart plugin version 191.8423
    • Java version OpenJDK Runtime Environment (build 1.8.0_202-release-1483-b49-5587405)

[✓] IntelliJ IDEA Community Edition (version 2019.2)
    • IntelliJ at /opt/idea-IC-192.6817.14
    • Flutter plugin version 40.2.4
    • Dart plugin version 192.7402

[✓] VS Code (version 1.39.0)
    • VS Code at /usr/share/code
    • Flutter extension version 3.6.0

[✓] Connected device (4 available)
    • Android SDK built for x86 • emulator-5554 • android-x86    • Android 10 (API 29)
    • Linux                     • Linux         • linux-x64      • Linux
    • Chrome                    • chrome        • web-javascript • Google Chrome 78.0.3904.97
    • Web Server                • web-server    • web-javascript • Flutter Tools

• No issues found!
```
