Flutter crash report.
Please report a bug at https://github.com/flutter/flutter/issues.

## command

flutter drive --driver=test_driver/integration_test.dart --target=integration_test/test/live_connection/memory/diff_eval_and_browse_test.dart -d chrome --dart-define=test_args={"service_uri":"ws://127.0.0.1:63680/cQbLGsB2l2Y=/ws"} --dart-define=enable_experiments=true

## exception

SessionNotCreatedException: SessionNotCreatedException (500): session not created: This version of ChromeDriver only supports Chrome version 110
Current browser version is 114.0.5735.133 with binary path /Applications/Google Chrome.app/Contents/MacOS/Google Chrome

```
#0      parseW3cResponse (package:webdriver/src/handler/w3c/utils.dart:81:9)
#1      W3cSessionHandler.parseCreateResponse (package:webdriver/src/handler/w3c/session.dart:19:21)
#2      InferSessionHandler.parseCreateResponse (package:webdriver/src/handler/infer_handler.dart:106:34)
#3      AsyncRequestClient.send (package:webdriver/src/common/request_client.dart:96:32)
<asynchronous suspension>
#4      createDriver (package:webdriver/async_core.dart:62:19)
<asynchronous suspension>
#5      WebDriverService.startTest (package:flutter_tools/src/drive/web_driver_service.dart:144:19)
<asynchronous suspension>
#6      DriveCommand.runCommand (package:flutter_tools/src/commands/drive.dart:323:30)
<asynchronous suspension>
#7      FlutterCommand.run.<anonymous closure> (package:flutter_tools/src/runner/flutter_command.dart:1297:27)
<asynchronous suspension>
#8      AppContext.run.<anonymous closure> (package:flutter_tools/src/base/context.dart:150:19)
<asynchronous suspension>
#9      CommandRunner.runCommand (package:args/command_runner.dart:212:13)
<asynchronous suspension>
#10     FlutterCommandRunner.runCommand.<anonymous closure> (package:flutter_tools/src/runner/flutter_command_runner.dart:339:9)
<asynchronous suspension>
#11     AppContext.run.<anonymous closure> (package:flutter_tools/src/base/context.dart:150:19)
<asynchronous suspension>
#12     FlutterCommandRunner.runCommand (package:flutter_tools/src/runner/flutter_command_runner.dart:285:5)
<asynchronous suspension>
#13     run.<anonymous closure>.<anonymous closure> (package:flutter_tools/runner.dart:115:9)
<asynchronous suspension>
#14     AppContext.run.<anonymous closure> (package:flutter_tools/src/base/context.dart:150:19)
<asynchronous suspension>
#15     main (package:flutter_tools/executable.dart:91:3)
<asynchronous suspension>
```

## flutter doctor

```
[✓] Flutter (Channel master, 3.12.0-8.0.pre.6, on macOS 13.4 22F66 darwin-arm64, locale en-US)
    • Flutter version 3.12.0-8.0.pre.6 on channel master at /Users/polinach/_/platform/flutter
    • Upstream repository git@github.com:flutter/flutter.git
    • Framework revision 5d8cc978b9 (3 days ago), 2023-06-21 11:27:32 -0400
    • Engine revision f973fb4636
    • Dart version 3.1.0 (build 3.1.0-235.0.dev)
    • DevTools version 2.24.0

[!] Android toolchain - develop for Android devices (Android SDK version 32.1.0-rc1)
    • Android SDK at /Users/polinach/Library/Android/sdk
    ✗ cmdline-tools component is missing
      Run `path/to/sdkmanager --install "cmdline-tools;latest"`
      See https://developer.android.com/studio/command-line for more details.
    ✗ Android license status unknown.
      Run `flutter doctor --android-licenses` to accept the SDK licenses.
      See https://flutter.dev/docs/get-started/install/macos#android-setup for more details.

[✓] Xcode - develop for iOS and macOS (Xcode 14.3)
    • Xcode at /Applications/Xcode.app/Contents/Developer
    • Build 14E222b
    • CocoaPods version 1.11.3

[✓] Chrome - develop for the web
    • Chrome at /Applications/Google Chrome.app/Contents/MacOS/Google Chrome

[!] Android Studio (version unknown)
    • Android Studio at /Applications/Android Studio with Blaze Beta.app/Contents
    • Flutter plugin can be installed from:
      🔨 https://plugins.jetbrains.com/plugin/9212-flutter
    • Dart plugin can be installed from:
      🔨 https://plugins.jetbrains.com/plugin/6351-dart
    ✗ Unable to determine Android Studio version.
    • Java version OpenJDK Runtime Environment (build 17.0.6+0-17.0.6b829.5-9884540)

[✓] Android Studio (version 2022.2)
    • Android Studio at /Applications/Android Studio with Blaze.app/Contents
    • Flutter plugin can be installed from:
      🔨 https://plugins.jetbrains.com/plugin/9212-flutter
    • Dart plugin can be installed from:
      🔨 https://plugins.jetbrains.com/plugin/6351-dart
    • Java version OpenJDK Runtime Environment (build 17.0.6+0-17.0.6b802.4-9586694)

[✓] Android Studio (version 2022.2)
    • Android Studio at /Applications/Android Studio.app/Contents
    • Flutter plugin can be installed from:
      🔨 https://plugins.jetbrains.com/plugin/9212-flutter
    • Dart plugin can be installed from:
      🔨 https://plugins.jetbrains.com/plugin/6351-dart
    • Java version OpenJDK Runtime Environment (build 17.0.6+0-17.0.6b802.4-9586694)

[✓] VS Code (version 1.79.2)
    • VS Code at /Applications/Visual Studio Code.app/Contents
    • Flutter extension version null

[✓] Connected device (2 available)
    • macOS (desktop) • macos  • darwin-arm64   • macOS 13.4 22F66 darwin-arm64
    • Chrome (web)    • chrome • web-javascript • Google Chrome 114.0.5735.133

[✓] Network resources
    • All expected network resources are available.

! Doctor found issues in 2 categories.
```
